SF:lib\core\error\failure.dart
DA:6,3
DA:8,0
DA:9,0
DA:13,0
DA:18,3
DA:25,0
LF:6
LH:2
end_of_record
SF:lib\features\auth\domain\use_case\login_usecase.dart
DA:13,1
DA:19,0
DA:23,0
DA:24,0
DA:31,1
DA:33,1
DA:35,6
DA:36,1
DA:37,2
DA:38,1
DA:40,2
DA:41,2
DA:48,1
DA:50,0
DA:51,0
LF:15
LH:10
end_of_record
SF:lib\app\shared_prefs\token_shared_prefs.dart
DA:9,0
DA:11,0
DA:13,0
DA:15,0
DA:18,0
DA:22,0
DA:24,0
DA:25,0
DA:27,0
DA:31,0
DA:33,0
DA:34,0
DA:35,0
DA:37,0
LF:14
LH:0
end_of_record
SF:lib\features\auth\domain\entity\auth_entity.dart
DA:9,2
DA:16,0
DA:17,0
LF:3
LH:1
end_of_record
SF:lib\features\auth\domain\use_case\register_usecase.dart
DA:13,1
DA:19,0
DA:25,0
DA:26,0
DA:32,1
DA:34,1
DA:36,1
DA:37,1
DA:38,1
DA:39,1
DA:41,2
LF:11
LH:8
end_of_record
SF:lib\features\regular_user\domain\use_case\regular_user_usecase.dart
DA:16,0
DA:22,0
DA:28,0
DA:29,0
DA:36,0
DA:38,0
DA:40,0
DA:41,0
DA:42,0
DA:43,0
DA:45,0
DA:46,0
DA:53,1
DA:62,1
DA:64,1
DA:66,3
LF:16
LH:4
end_of_record
SF:lib\features\regular_user\domain\entity\regular_user_entity.dart
DA:8,0
DA:14,0
DA:15,0
LF:3
LH:0
end_of_record
